<?xml version="1.0" encoding="UTF-8"?>
<!-- Generated by org.testng.reporters.JUnitXMLReporter -->
<testsuite ignored="0" hostname="vivobook-asuslaptop-x512flc-x512fl" failures="0" tests="5" name="Default test" time="86.058" errors="0" timestamp="2024-02-23T12:48:42 IST">
  <testcase classname="com.test.Tagit.Section" name="login" time="9.137"/>
  <testcase classname="com.test.Tagit.Section" name="brain_tag_it" time="31.907"/>
  <testcase classname="com.test.Tagit.Section" name="tagIT_Search" time="13.098"/>
  <testcase classname="com.test.Tagit.Section" name="atlasviewer" time="13.04"/>
  <testcase classname="com.test.Tagit.Section" name="cellAnnotation" time="16.027"/>
</testsuite> <!-- Default test -->
