<?xml version="1.0" encoding="UTF-8"?>
<!-- Generated by org.testng.reporters.JUnitXMLReporter -->
<testsuite ignored="0" hostname="HbpSoft" failures="0" tests="4" name="Default test" time="61.074" errors="0" timestamp="2024-04-01T15:30:47 IST">
  <testcase classname="com.test.Tagit.Brain" name="login" time="9.876"/>
  <testcase classname="com.test.Tagit.Brain" name="brain_tag_it" time="28.618"/>
  <testcase classname="com.test.Tagit.Brain" name="tagIT_Search" time="12.967"/>
  <testcase classname="com.test.Tagit.Brain" name="viewer" time="8.621"/>
</testsuite> <!-- Default test -->
