<?xml version="1.0" encoding="UTF-8"?>
<testng-results ignored="0" total="5" passed="5" failed="0" skipped="0">
  <reporter-output>
  </reporter-output>
  <suite started-at="2024-02-23T12:47:16 IST" name="Default suite" finished-at="2024-02-23T12:48:42 IST" duration-ms="86058">
    <groups>
    </groups>
    <test started-at="2024-02-23T12:47:16 IST" name="Default test" finished-at="2024-02-23T12:48:42 IST" duration-ms="86058">
      <class name="com.test.Tagit.Section">
        <test-method is-config="true" signature="setup()[pri:0, instance:com.test.Tagit.Section@1a18644]" started-at="2024-02-23T12:47:16 IST" name="setup" finished-at="2024-02-23T12:47:18 IST" duration-ms="1890" status="PASS">
          <reporter-output>
          </reporter-output>
        </test-method> <!-- setup -->
        <test-method signature="login()[pri:1, instance:com.test.Tagit.Section@1a18644]" started-at="2024-02-23T12:47:18 IST" name="login" finished-at="2024-02-23T12:47:27 IST" duration-ms="9137" status="PASS">
          <reporter-output>
          </reporter-output>
        </test-method> <!-- login -->
        <test-method signature="brain_tag_it()[pri:2, instance:com.test.Tagit.Section@1a18644]" started-at="2024-02-23T12:47:27 IST" name="brain_tag_it" finished-at="2024-02-23T12:47:59 IST" duration-ms="31907" status="PASS">
          <reporter-output>
          </reporter-output>
        </test-method> <!-- brain_tag_it -->
        <test-method signature="tagIT_Search()[pri:3, instance:com.test.Tagit.Section@1a18644]" started-at="2024-02-23T12:47:59 IST" name="tagIT_Search" finished-at="2024-02-23T12:48:12 IST" duration-ms="13098" status="PASS">
          <reporter-output>
          </reporter-output>
        </test-method> <!-- tagIT_Search -->
        <test-method signature="atlasviewer()[pri:4, instance:com.test.Tagit.Section@1a18644]" started-at="2024-02-23T12:48:12 IST" name="atlasviewer" finished-at="2024-02-23T12:48:25 IST" duration-ms="13040" status="PASS">
          <reporter-output>
          </reporter-output>
        </test-method> <!-- atlasviewer -->
        <test-method signature="cellAnnotation()[pri:5, instance:com.test.Tagit.Section@1a18644]" started-at="2024-02-23T12:48:25 IST" name="cellAnnotation" finished-at="2024-02-23T12:48:41 IST" duration-ms="16027" status="PASS">
          <reporter-output>
          </reporter-output>
        </test-method> <!-- cellAnnotation -->
        <test-method is-config="true" signature="afterTest()[pri:0, instance:com.test.Tagit.Section@1a18644]" started-at="2024-02-23T12:48:41 IST" name="afterTest" finished-at="2024-02-23T12:48:42 IST" duration-ms="902" status="PASS">
          <reporter-output>
          </reporter-output>
        </test-method> <!-- afterTest -->
      </class> <!-- com.test.Tagit.Section -->
    </test> <!-- Default test -->
  </suite> <!-- Default suite -->
</testng-results>
