<?xml version="1.0" encoding="UTF-8"?>
<testng-results ignored="0" total="4" passed="4" failed="0" skipped="0">
  <reporter-output>
  </reporter-output>
  <suite started-at="2024-02-23T12:33:13 IST" name="Default suite" finished-at="2024-02-23T12:34:25 IST" duration-ms="72355">
    <groups>
    </groups>
    <test started-at="2024-02-23T12:33:13 IST" name="Default test" finished-at="2024-02-23T12:34:25 IST" duration-ms="72355">
      <class name="com.test.Tagit.Brain">
        <test-method is-config="true" signature="setup()[pri:0, instance:com.test.Tagit.Brain@48f278eb]" started-at="2024-02-23T12:33:13 IST" name="setup" finished-at="2024-02-23T12:33:18 IST" duration-ms="5084" status="PASS">
          <reporter-output>
          </reporter-output>
        </test-method> <!-- setup -->
        <test-method signature="login()[pri:1, instance:com.test.Tagit.Brain@48f278eb]" started-at="2024-02-23T12:33:18 IST" name="login" finished-at="2024-02-23T12:33:31 IST" duration-ms="13180" status="PASS">
          <reporter-output>
          </reporter-output>
        </test-method> <!-- login -->
        <test-method signature="brain_tag_it()[pri:2, instance:com.test.Tagit.Brain@48f278eb]" started-at="2024-02-23T12:33:31 IST" name="brain_tag_it" finished-at="2024-02-23T12:34:02 IST" duration-ms="30877" status="PASS">
          <reporter-output>
          </reporter-output>
        </test-method> <!-- brain_tag_it -->
        <test-method signature="tagIT_Search()[pri:3, instance:com.test.Tagit.Brain@48f278eb]" started-at="2024-02-23T12:34:02 IST" name="tagIT_Search" finished-at="2024-02-23T12:34:16 IST" duration-ms="14097" status="PASS">
          <reporter-output>
          </reporter-output>
        </test-method> <!-- tagIT_Search -->
        <test-method signature="viewer()[pri:4, instance:com.test.Tagit.Brain@48f278eb]" started-at="2024-02-23T12:34:16 IST" name="viewer" finished-at="2024-02-23T12:34:25 IST" duration-ms="8968" status="PASS">
          <reporter-output>
          </reporter-output>
        </test-method> <!-- viewer -->
        <test-method is-config="true" signature="afterTest()[pri:0, instance:com.test.Tagit.Brain@48f278eb]" started-at="2024-02-23T12:34:25 IST" name="afterTest" finished-at="2024-02-23T12:34:25 IST" duration-ms="115" status="PASS">
          <reporter-output>
          </reporter-output>
        </test-method> <!-- afterTest -->
      </class> <!-- com.test.Tagit.Brain -->
    </test> <!-- Default test -->
  </suite> <!-- Default suite -->
</testng-results>
